C51 COMPILER V7.06   LCD_COEF                                                              11/21/2005 13:47:27 PAGE 1   


C51 COMPILER V7.06, COMPILATION OF MODULE LCD_COEF
OBJECT MODULE PLACED IN .\Output\Lcd_coef.obj
COMPILER INVOKED BY: C:\Keil\C51\BIN\C51.EXE Code\Lcd_coef.c OPTIMIZE(9,SPEED) BROWSE DEBUG OBJECTEXTEND CODE SYMBOLS PR
                    -INT(.\Output\Lcd_coef.lst) PREPRINT(.\Output\Lcd_coef.i) OBJECT(.\Output\Lcd_coef.obj)

stmt level    source

   1          unsigned char code DITHER_1[]   =
   2          {
   3          /*
   4              0x0e,0xf1,  //(-2,  0,  1, -1)
   5              0xf1,0x0e,  //( 1, -1, -2,  0)
   6              0x0e,0xf1,  //(-2,  0,  1, -1)
   7              0xf1,0x0e,  //( 1, -1, -2,  0)   */
   8              0x1e ,0x1e,    //  -2  1 -2  1
   9              0xf0, 0xf0,    //    0 -1  0 -1
  10              0xe1, 0xe1,   //    1 -2  1 -2
  11              0x0f, 0x0f,    //  -1  0 -1  0
  12          
  13          /*
  14             0x1e ,0x1e,    //  -2  1 -2  1
  15             0xf0, 0xf0,    //    0 -1  0 -1
  16             0xe1, 0xe1,   //    1 -2  1 -2
  17             0x0f, 0x0f,    //  -1  0 -1  0  */
  18          
  19          
  20          };
  21          
  22          unsigned char code DITHER_2[]   =
  23          {
  24              0xf1,0x0e,  //( 1, -1, -2,  0)
  25              0x0e,0xf1,  //(-2,  0,  1, -1)
  26              0xf1,0x0e,  //( 1, -1, -2,  0)
  27              0x0e,0xf1,  //(-2,  0,  1, -1)
  28          };
  29          
  30          /*
  31          unsigned char code DITHER_3[]   =
  32          {
  33              0xf0,0xf0,  //( 0, -1,  0, -1)
  34              0xe1,0xe1,  //( 1, -2,  1, -2)
  35              0xf0,0xf0,  //( 0, -1,  0, -1)
  36              0xe1,0xe1,  //( 1, -2,  1, -2)
  37          };
  38          
  39          unsigned char code DITHER_4[]   =
  40          {
  41              0xf1,0xf1,  //( 1, -1,  1, -1)
  42              0xe0,0xe0,  //( 0, -2,  0, -2)
  43              0xf1,0xf1,  //( 1, -1,  1, -1)
  44              0xe0,0xe0,  //( 0, -2,  0, -2)
  45          };
  46          */
  47          
  48          
  49          unsigned char code NEW_DITHER_TABLE[] = 
  50          {
  51             0x73,0x84,// [3 0 3 1 0 1 0 2]
  52             0xac,0x8a,// [0 3 2 2 2 2 0 2]
  53             0x25,0x43,// [1 1 2 0 3 0 0 1]
  54             0x9d,0xdf,// [1 3 1 2 3 3 1 3]
C51 COMPILER V7.06   LCD_COEF                                                              11/21/2005 13:47:27 PAGE 2   

  55          
  56          };
  57          
  58          
  59          unsigned char code SU_COEF_1[]  = 
  60          {
  61          /*
  62              // b = firls(97, [0 1.122/32 1.638/32 1], [2 2 0 0], [1.0 1.0]);
  63              // NRG = 0.6168, MXG = 1.0228
  64          
  65                4,   2,   2, FFF, FFC, FF9, FF5, FF1, 
  66              FEC, FE5, FDF, FD8, FD1, FCA, FC2, FBB,
  67              
  68              FB2, FAB, FA4, F9E, F98, F93, F8F, F8C, 
  69              F8B, F8B, F8E, F91, F98, FA1, FAC, FBA, 
  70          
  71              FCB, FE2, FF7,  15,  34,  56,  7A,  A3, 
  72               CD,  FC, 12A, 15D, 18E, 1C4, 1F9, 22F, 
  73          
  74              264, 29A, 2CE, 303, 333, 364, 390, 3BB, 
  75              3E1, 406, 423, 43F, 454, 466, 470, 477, 
  76          */
  77          /*
  78              0x04,0x00, 0x02,0x00, 0x02,0x00, 0xff,0x0f, 0xfc,0x0f, 0xf9,0x0f, 0xf5,0x0f, 0xf1,0x0f, 
  79              0xec,0x0f, 0xe5,0x0f, 0xdf,0x0f, 0xd8,0x0f, 0xd1,0x0f, 0xca,0x0f, 0xc2,0x0f, 0xbb,0x0f,
  80          
  81              0xcb,0x0f, 0xe2,0x0f, 0xf7,0x0f, 0x15,0x00, 0x34,0x00, 0x56,0x00, 0x7a,0x00, 0xa3,0x00,
  82              0xcd,0x00, 0xfc,0x00, 0x2a,0x01, 0x5d,0x01, 0x8e,0x01, 0xc4,0x01, 0xf9,0x01, 0x2f,0x02,
  83          
  84              0x77,0x04, 0x70,0x04, 0x66,0x04, 0x54,0x04, 0x3f,0x04, 0x23,0x04, 0x06,0x04, 0xe1,0x03,
  85              0xbb,0x03, 0x90,0x03, 0x64,0x03, 0x33,0x03, 0x03,0x03, 0xce,0x02, 0x9a,0x02, 0x64,0x02,
  86          
  87              0xba,0x0f, 0xac,0x0f, 0xa1,0x0f, 0x98,0x0f, 0x91,0x0f, 0x8e,0x0f, 0x8b,0x0f, 0x8b,0x0f,
  88              0x8c,0x0f, 0x8f,0x0f, 0x93,0x0f, 0x98,0x0f, 0x9e,0x0f, 0xa4,0x0f, 0xab,0x0f, 0xb2,0x0f, */
  89          
  90                  /*004, 003, 002, 000, FFE, FFA, FF6, FF2, 
  91                FEC, FE6, FE0, FD9, FD2, FCA, FC3, FBB, 
  92          FB4, FAD, FA5, F9E, F98, F93, F8F, F8C, 
  93          F8B, F8B, F8D, F91, F98, F9F, FAB, FB9, 
  94          FCA, FE0, FF7, 013, 031, 054, 078, 0A1, 
  95          0CB, 0FA, 128, 15B, 18D, 1C3, 1F7, 22E, 
  96          263, 299, 2CE, 303, 334, 365, 391, 3BD, 
  97          3E2, 407, 425, 440, 455, 468, 472, 479, */
  98          /*      0x04,0x00,0x03,0x00,0x02,0x00,0x00,0x00,0xfe,0x0f,0xfa,0x0f,0xf6,0x0f,0xf2,0x0f,
  99                    0xec,0x0f,0xe6,0x0f,0xe0,0x0f,0xd9,0x0f,0xd2,0x0f,0xca,0x0f,0xc3,0x0f,0xbb,0x0f,
 100          
 101                    0xb4,0x0f,0xad,0x0f,0xa5,0x0f,0x9e,0x0f,0x98,0x0f,0x93,0x0f,0x8f,0x0f,0x8c,0x0f,
 102                    0x8b,0x0f,0x8b,0x0f,0x8d,0x0f,0x91,0x0f,0x98,0x0f,0x9f,0x0f,0xab,0x0f,0xb9,0x0f,
 103          
 104                    0xca,0x0f,0xe0,0x0f,0xf7,0x0f,0x13,0x00,0x31,0x00,0x54,0x00,0x78,0x00,0xa1,0x00,
 105                    0xcb,0x00,0xfa,0x00,0x28,0x01,0x5b,0x01,0x8d,0x01,0xc3,0x01,0xf7,0x01,0x2e,0x02,
 106          
 107                    0x63,0x02,0x99,0x02,0xce,0x02,0x03,0x03,0x34,0x03,0x65,0x03,0x91,0x03,0xbd,0x03,
 108                    0xe2,0x03,0x07,0x04,0x25,0x04,0x49,0x04,0x55,0x04,0x68,0x04,0x72,0x04,0x79,0x04,  */
 109          
 110          0x04,0x00,0x03,0x00,0x02,0x00,0x00,0x00,0xFE,0x0F,0xFA,0x0F,0xF6,0x0F,0xF2,0x0F,
 111          0xEC,0x0F,0xE6,0x0F,0xE0,0x0F,0xD9,0x0F,0xD2,0x0F,0xCA,0x0F,0xC3,0x0F,0xBB,0x0F,
 112          0xCA,0x0F,0xE0,0x0F,0xF7,0x0F,0x13,0x00,0x31,0x00,0x54,0x00,0x78,0x00,0xA1,0x00,
 113          0xCB,0x00,0xFA,0x00,0x28,0x01,0x5B,0x01,0x8D,0x01,0xC3,0x01,0xF7,0x01,0x2E,0x02,
 114          0x79,0x04,0x72,0x04,0x68,0x04,0x55,0x04,0x40,0x04,0x25,0x04,0x07,0x04,0xE2,0x03,
 115          0xBD,0x03,0x91,0x03,0x65,0x03,0x34,0x03,0x03,0x03,0xCE,0x02,0x99,0x02,0x63,0x02,
 116          0xB9,0x0F,0xAB,0x0F,0x9F,0x0F,0x98,0x0F,0x91,0x0F,0x8D,0x0F,0x8B,0x0F,0x8B,0x0F,
C51 COMPILER V7.06   LCD_COEF                                                              11/21/2005 13:47:27 PAGE 3   

 117          0x8C,0x0F,0x8F,0x0F,0x93,0x0F,0x98,0x0F,0x9E,0x0F,0xA5,0x0F,0xAD,0x0F,0xB4,0x0F,
 118          };
 119          
 120          unsigned char code SU_COEF_2[]  = 
 121          {
 122          /*
 123              // b = firls(97, [0 1.00/32 1.63/32 1], [2 2 0 0], [1.0 1.0]);
 124              // NRG = 0.5623, MXG = 1.0159
 125              0xfc,0x0f, 0xfb,0x0f, 0xf9,0x0f, 0xf7,0x0f, 0xf5,0x0f, 0xf3,0x0f, 0xee,0x0f, 0xea,0x0f,
 126              0xe5,0x0f, 0xe0,0x0f, 0xda,0x0f, 0xd3,0x0f, 0xcc,0x0f, 0xc5,0x0f, 0xbf,0x0f, 0xb7,0x0f,
 127              0xb1,0x0f, 0xaa,0x0f, 0xa4,0x0f, 0x9f,0x0f, 0x9a,0x0f, 0x97,0x0f, 0x95,0x0f, 0x94,0x0f,
 128              0x95,0x0f, 0x97,0x0f, 0x9c,0x0f, 0xa3,0x0f, 0xac,0x0f, 0xb8,0x0f, 0xc5,0x0f, 0xd5,0x0f,
 129              0xea,0x0f, 0x01,0x00, 0x1a,0x00, 0x37,0x00, 0x55,0x00, 0x76,0x00, 0x9b,0x00, 0xc1,0x00,
 130              0xe9,0x00, 0x14,0x01, 0x40,0x01, 0x70,0x01, 0x9f,0x01, 0xd0,0x01, 0x01,0x02, 0x34,0x02,
 131              0x64,0x02, 0x96,0x02, 0xc7,0x02, 0xf6,0x02, 0x23,0x03, 0x4f,0x03, 0x77,0x03, 0x9e,0x03,
 132              0xc0,0x03, 0xe0,0x03, 0xfb,0x03, 0x13,0x04, 0x26,0x04, 0x35,0x04, 0x3f,0x04, 0x45,0x04,
 133          
 134              // b = firls(97, [0 0.95/32 1.601/32 1], [2 2 0 0], [1.0 1.0]);
 135              // NRG = 0.5358, MXG = 1.0127
 136              // FFA, FF8, FF8, FF6, FF2, FEF, FEB, FE7, 
 137              // FE1, FDC, FD5, FD0, FC9, FC2, FBD, FB6, 
 138          
 139              // FB0, FAA, FA5, FA0, F9D, F9A, F99, F9A, 
 140              // F9B, F9F, FA4, FAC, FB6, FC2, FD2, FE2, 
 141          
 142              // FF6,   F,  28,  45,  64,  87,  A9,  D0, 
 143              //  F7, 122, 14D, 17A, 1A7, 1D7, 205, 236, 
 144          
 145              // 264, 294, 2C2, 2F0, 319, 344, 369, 38E, 
 146              // 3AE, 3CD, 3E6, 3FE, 40F, 41E, 427, 42E, 
 147          */
 148          /*
 149              0xfa,0x0f, 0xf8,0x0f, 0xf8,0x0f, 0xf6,0x0f, 0xf2,0x0f, 0xef,0x0f, 0xeb,0x0f, 0xe7,0x0f,
 150              0xe1,0x0f, 0xdc,0x0f, 0xd5,0x0f, 0xd0,0x0f, 0xc9,0x0f, 0xc2,0x0f, 0xbd,0x0f, 0xb6,0x0f,
 151          
 152              0xf6,0x0f, 0x0f,0x00, 0x28,0x00, 0x45,0x00, 0x64,0x00, 0x87,0x00, 0xa9,0x00, 0xd0,0x00,
 153              0xf7,0x00, 0x22,0x01, 0x4d,0x01, 0x7a,0x01, 0xa7,0x01, 0xd7,0x01, 0x05,0x02, 0x36,0x02,
 154          
 155              0x2e,0x04, 0x27,0x04, 0x1e,0x04, 0x0f,0x04, 0xfe,0x03, 0xe6,0x03, 0xcd,0x03, 0xae,0x03,
 156              0x8e,0x03, 0x69,0x03, 0x44,0x03, 0x19,0x03, 0xf0,0x02, 0xc2,0x02, 0x94,0x02, 0x64,0x02,
 157          
 158              0xe2,0x0f, 0xd2,0x0f, 0xc2,0x0f, 0xb6,0x0f, 0xac,0x0f, 0xa4,0x0f, 0x9f,0x0f, 0x9b,0x0f,
 159              0x9a,0x0f, 0x99,0x0f, 0x9a,0x0f, 0x9d,0x0f, 0xa0,0x0f, 0xa5,0x0f, 0xaa,0x0f, 0xb0,0x0f,*/
 160                  /*
 161          FF9, FF9, FF8, FF5, FF3, FF0, FEC, FE8, 
 162          FE2, FDD, FD7, FD1, FCA, FC4, FBE, FB7, 
 163          FB1, FAB, FA5, FA1, F9D, F9B, F9A, F99, 
 164          F9B, F9F, FA4, FAC, FB6, FC2, FD1, FE2, 
 165          FF6, 00E, 027, 045, 063, 085, 0A7, 0CE, 
 166          0F6, 120, 14A, 179, 1A6, 1D6, 204, 235, 
 167          263, 293, 2C1, 2EF, 319, 344, 369, 38F, 
 168          3AF, 3CE, 3E7, 3FE, 410, 41F, 428, 42F, */ 
 169          /* 
 170                0xf9,0x0f,0xf9,0x0f,0xf8,0x0f,0xf5,0x0f,0xf3,0x0f,0xf0,0x0f,0xec,0x0f,0xe8,0x0f,
 171                    0xe2,0x0f,0xdd,0x0f,0xd7,0x0f,0xd1,0x0f,0xca,0x0f,0xc4,0x0f,0xbe,0x0f,0xb7,0x0f,
 172          
 173                    0xb1,0x0f,0xab,0x0f,0xa5,0x0f,0xa1,0x0f,0x9d,0x0f,0x9b,0x0f,0x9a,0x0f,0x99,0x0f,
 174                    0x9b,0x0f,0x9f,0x0f,0xa4,0x0f,0xac,0x0f,0xb6,0x0f,0xc2,0x0f,0xd1,0x0f,0xe2,0x0f,
 175          
 176                    0xf6,0x0f,0x0e,0x00,0x27,0x00,0x45,0x00,0x63,0x00,0x85,0x00,0xa7,0x00,0xce,0x00,
 177                    0xf6,0x00,0x20,0x01,0x4a,0x01,0x79,0x01,0xa6,0x01,0xd6,0x01,0x04,0x02,0x35,0x02,
 178          
C51 COMPILER V7.06   LCD_COEF                                                              11/21/2005 13:47:27 PAGE 4   

 179                    0x63,0x02,0x93,0x02,0xc1,0x02,0xef,0x02,0x19,0x03,0x44,0x03,0x69,0x03,0x8f,0x03,
 180                    0x1f,0x03,0xce,0x03,0xe7,0x03,0xfe,0x03,0x10,0x04,0x1f,0x04,0x28,0x04,0x2f,0x04,  */
 181          
 182          0xF9,0x0F,0xF9,0x0F,0xF8,0x0F,0xF5,0x0F,0xF3,0x0F,0xF0,0x0F,0xEC,0x0F,0xE8,0x0F,
 183          0xE2,0x0F,0xDD,0x0F,0xD7,0x0F,0xD1,0x0F,0xCA,0x0F,0xC4,0x0F,0xBE,0x0F,0xB7,0x0F,
 184          0xF6,0x0F,0x0E,0x00,0x27,0x00,0x45,0x00,0x63,0x00,0x85,0x00,0xA7,0x00,0xCE,0x00,
 185          0xF6,0x00,0x20,0x01,0x4A,0x01,0x79,0x01,0xA6,0x01,0xD6,0x01,0x04,0x02,0x35,0x02,
 186          0x2F,0x04,0x28,0x04,0x1F,0x04,0x10,0x04,0xFE,0x03,0xE7,0x03,0xCE,0x03,0xAF,0x03,
 187          0x8F,0x03,0x69,0x03,0x44,0x03,0x19,0x03,0xEF,0x02,0xC1,0x02,0x93,0x02,0x63,0x02,
 188          0xE2,0x0F,0xD1,0x0F,0xC2,0x0F,0xB6,0x0F,0xAC,0x0F,0xA4,0x0F,0x9F,0x0F,0x9B,0x0F,
 189          0x99,0x0F,0x9A,0x0F,0x9B,0x0F,0x9D,0x0F,0xA1,0x0F,0xA5,0x0F,0xAB,0x0F,0xB1,0x0F,
 190          
 191          };
 192          
 193          
 194          
 195          unsigned char code SU_COEF_3[]  = 
 196          {
 197          /*
 198              // b = remez(96, [0 0.66/32 1.60/32 31.5/32], [1 1 0 0], [1.0 1.0]);
 199              // NRG = 0.4334, MXG = 1.0018
 200              0xee,0x0f, 0xed,0x0f, 0xec,0x0f, 0xeb,0x0f, 0xe8,0x0f, 0xe5,0x0f, 0xe0,0x0f, 0xdd,0x0f,
 201              0xd7,0x0f, 0xd3,0x0f, 0xcf,0x0f, 0xc9,0x0f, 0xc4,0x0f, 0xbf,0x0f, 0xbb,0x0f, 0xb6,0x0f,
 202              0xb3,0x0f, 0xb0,0x0f, 0xae,0x0f, 0xad,0x0f, 0xac,0x0f, 0xad,0x0f, 0xb0,0x0f, 0xb5,0x0f,
 203              0xba,0x0f, 0xc2,0x0f, 0xcb,0x0f, 0xd7,0x0f, 0xe3,0x0f, 0xf4,0x0f, 0x07,0x00, 0x10,0x00,
 204              0x25,0x00, 0x41,0x00, 0x5c,0x00, 0x7b,0x00, 0x99,0x00, 0xbb,0x00, 0xdd,0x00, 0x01,0x01,
 205              0x25,0x01, 0x4c,0x01, 0x71,0x01, 0x9a,0x01, 0xc0,0x01, 0xe9,0x01, 0x0f,0x02, 0x38,0x02,
 206              0x5f,0x02, 0x86,0x02, 0xaa,0x02, 0xcf,0x02, 0xf1,0x02, 0x13,0x03, 0x31,0x03, 0x4f,0x03,
 207              0x68,0x03, 0x81,0x03, 0x95,0x03, 0xa8,0x03, 0xb7,0x03, 0xc4,0x03, 0xcb,0x03, 0xdd,0x03,
 208          */
 209          /*
 210              0xee,0x0f, 0xed,0x0f, 0xec,0x0f, 0xeb,0x0f, 0xe8,0x0f, 0xe5,0x0f, 0xe0,0x0f, 0xdd,0x0f, // 00~15
 211              0xd7,0x0f, 0xd3,0x0f, 0xcf,0x0f, 0xc9,0x0f, 0xc4,0x0f, 0xbf,0x0f, 0xbb,0x0f, 0xb6,0x0f,
 212          
 213              0x25,0x00, 0x41,0x00, 0x5c,0x00, 0x7b,0x00, 0x99,0x00, 0xbb,0x00, 0xdd,0x00, 0x01,0x01, // 32~47
 214              0x25,0x01, 0x4c,0x01, 0x71,0x01, 0x9a,0x01, 0xc0,0x01, 0xe9,0x01, 0x0f,0x02, 0x38,0x02,
 215          
 216              0xdd,0x03, 0xcb,0x03, 0xc4,0x03, 0xb7,0x03, 0xa8,0x03, 0x95,0x03, 0x81,0x03, 0x68,0x03, // 63~48
 217              0x4f,0x03, 0x31,0x03, 0x13,0x03, 0xf1,0x02, 0xcf,0x02, 0xaa,0x02, 0x86,0x02, 0x5f,0x02,
 218          
 219              0x10,0x00, 0x07,0x00, 0xf4,0x0f, 0xe3,0x0f, 0xd7,0x0f, 0xcb,0x0f, 0xc2,0x0f, 0xba,0x0f, // 31~16
 220              0xb5,0x0f, 0xb0,0x0f, 0xad,0x0f, 0xac,0x0f, 0xad,0x0f, 0xae,0x0f, 0xb0,0x0f, 0xb3,0x0f,*/
 221          /*
 222          FED, FED, FEB, FE9, FE6, FE3, FDF, FDB, 
 223          FD7, FD2, FCC, FC8, FC3, FBE, FB9, FB5, 
 224          FB1, FAE, FAC, FAB, FAC, FAD, FAF, FB4, 
 225          FBA, FC2, FCC, FD7, FE4, FF5, 007, 012, 
 226          025, 042, 05C, 07D, 09B, 0BD, 0DE, 103, 
 227          127, 14E, 174, 19B, 1C2, 1EB, 211, 23A, 
 228          260, 288, 2AB, 2D0, 2F1, 313, 331, 34E, 
 229          368, 381, 394, 3A8, 3B6, 3C4, 3CA, 3DC, */
 230          /*
 231              0xed,0x0f,0xed,0x0f,0xeb,0x0f,0xe9,0x0f,0xe6,0x0f,0xe3,0x0f,0xdf,0x0f,0xdb,0x0f,
 232                  0xd7,0x0f,0xd2,0x0f,0xcc,0x0f,0xc8,0x0f,0xc3,0x0f,0xbe,0x0f,0xb9,0x0f,0xb5,0x0f,
 233          
 234                  0xb1,0x0f,0xae,0x0f,0xac,0x0f,0xab,0x0f,0xac,0x0f,0xad,0x0f,0xaf,0x0f,0xb4,0x0f,
 235                  0xba,0x0f,0xc2,0x0f,0xcc,0x0f,0xd7,0x0f,0xe3,0x0f,0xf5,0x0f,0x07,0x00,0x12,0x00,
 236          
 237                  0x25,0x00,0x42,0x00,0x5c,0x00,0x7d,0x00,0x9b,0x00,0xbd,0x00,0xde,0x00,0x03,0x01,
 238                  0x27,0x01,0x4e,0x01,0x74,0x01,0x9b,0x01,0xc2,0x01,0xeb,0x01,0x11,0x02,0x3a,0x02,
 239          
 240                  0x60,0x02,0x88,0x02,0xab,0x02,0xd0,0x02,0xf1,0x02,0x13,0x03,0x31,0x03,0x4e,0x03,
C51 COMPILER V7.06   LCD_COEF                                                              11/21/2005 13:47:27 PAGE 5   

 241                  0x68,0x03,0x81,0x03,0x94,0x03,0xa8,0x03,0xb6,0x03,0xc4,0x03,0xca,0x03,0xdc,0x03,  */
 242          0xED,0x0F,0xED,0x0F,0xEB,0x0F,0xE9,0x0F,0xE6,0x0F,0xE3,0x0F,0xDF,0x0F,0xDB,0x0F,
 243          0xD7,0x0F,0xD2,0x0F,0xCC,0x0F,0xC8,0x0F,0xC3,0x0F,0xBE,0x0F,0xB9,0x0F,0xB5,0x0F,
 244          0x25,0x00,0x42,0x00,0x5C,0x00,0x7D,0x00,0x9B,0x00,0xBD,0x00,0xDE,0x00,0x03,0x01,
 245          0x27,0x01,0x4E,0x01,0x74,0x01,0x9B,0x01,0xC2,0x01,0xEB,0x01,0x11,0x02,0x3A,0x02,
 246          0xDC,0x03,0xCA,0x03,0xC4,0x03,0xB6,0x03,0xA8,0x03,0x94,0x03,0x81,0x03,0x68,0x03,
 247          0x4E,0x03,0x31,0x03,0x13,0x03,0xF1,0x02,0xD0,0x02,0xAB,0x02,0x88,0x02,0x60,0x02,
 248          0x12,0x00,0x07,0x00,0xF5,0x0F,0xE4,0x0F,0xD7,0x0F,0xCC,0x0F,0xC2,0x0F,0xBA,0x0F,
 249          0xB4,0x0F,0xAF,0x0F,0xAD,0x0F,0xAC,0x0F,0xAB,0x0F,0xAC,0x0F,0xAE,0x0F,0xB1,0x0F,
 250          };
 251          
 252          
 253          
 254          unsigned char code SU_COEF_4[]  = 
 255          {
 256          /*
 257              // b = remez(96, [0 0.56/32 1.491/32 31.5/32], [1 1 0 0], [1.0 1.0]);
 258              // NRG = 0.3406, MXG = 1.0000
 259              0xe4,0x0f, 0xeb,0x0f, 0xea,0x0f, 0xe9,0x0f, 0xe5,0x0f, 0xe4,0x0f, 0xe1,0x0f, 0xdd,0x0f,
 260              0xd9,0x0f, 0xd5,0x0f, 0xd2,0x0f, 0xcf,0x0f, 0xcb,0x0f, 0xc9,0x0f, 0xc7,0x0f, 0xc5,0x0f,
 261              0xc4,0x0f, 0xc4,0x0f, 0xc4,0x0f, 0xc6,0x0f, 0xc9,0x0f, 0xce,0x0f, 0xd4,0x0f, 0xda,0x0f,
 262              0xe3,0x0f, 0xeb,0x0f, 0xf7,0x0f, 0x04,0x00, 0x12,0x00, 0x21,0x00, 0x33,0x00, 0x44,0x00,
 263              0x59,0x00, 0x70,0x00, 0x89,0x00, 0xa5,0x00, 0xc1,0x00, 0xe0,0x00, 0xfe,0x00, 0x1e,0x01,
 264              0x3f,0x01, 0x61,0x01, 0x82,0x01, 0xa5,0x01, 0xc7,0x01, 0xe9,0x01, 0x09,0x02, 0x2c,0x02,
 265              0x4b,0x02, 0x6c,0x02, 0x8a,0x02, 0xa8,0x02, 0xc3,0x02, 0xde,0x02, 0xf6,0x02, 0x0e,0x03,
 266              0x22,0x03, 0x36,0x03, 0x45,0x03, 0x56,0x03, 0x60,0x03, 0x6c,0x03, 0x72,0x03, 0x7f,0x03,
 267          */
 268          /*
 269              0xe4,0x0f, 0xeb,0x0f, 0xea,0x0f, 0xe9,0x0f, 0xe5,0x0f, 0xe4,0x0f, 0xe1,0x0f, 0xdd,0x0f,
 270              0xd9,0x0f, 0xd5,0x0f, 0xd2,0x0f, 0xcf,0x0f, 0xcb,0x0f, 0xc9,0x0f, 0xc7,0x0f, 0xc5,0x0f,
 271          
 272              0x59,0x00, 0x70,0x00, 0x89,0x00, 0xa5,0x00, 0xc1,0x00, 0xe0,0x00, 0xfe,0x00, 0x1e,0x01,
 273              0x3f,0x01, 0x61,0x01, 0x82,0x01, 0xa5,0x01, 0xc7,0x01, 0xe9,0x01, 0x09,0x02, 0x2c,0x02,
 274          
 275              0x7f,0x03, 0x72,0x03, 0x6c,0x03, 0x60,0x03, 0x56,0x03, 0x45,0x03, 0x36,0x03, 0x22,0x03,
 276              0x0e,0x03, 0xf6,0x02, 0xde,0x02, 0xc3,0x02, 0xa8,0x02, 0x8a,0x02, 0x6c,0x02, 0x4b,0x02,
 277          
 278              0x44,0x00, 0x33,0x00, 0x21,0x00, 0x12,0x00, 0x04,0x00, 0xf7,0x0f, 0xeb,0x0f, 0xe3,0x0f,
 279              0xda,0x0f, 0xd4,0x0f, 0xce,0x0f, 0xc9,0x0f, 0xc6,0x0f, 0xc4,0x0f, 0xc4,0x0f, 0xc4,0x0f,*/
 280          /*FE0, FE9, FE7, FE7, FE3, FE2, FDE, FDB, 
 281          FD7, FD3, FCF, FCC, FC9, FC6, FC4, FC3, 
 282          FC2, FC2, FC3, FC6, FC9, FCE, FD3, FDA, 
 283          FE3, FED, FF9, 007, 015, 025, 037, 049, 
 284          05D, 074, 08D, 0AA, 0C6, 0E5, 104, 124, 
 285          144, 167, 186, 1A9, 1CA, 1ED, 20D, 22E, 
 286          24D, 26D, 28A, 2A7, 2C2, 2DD, 2F3, 30B, 
 287          31E, 331, 340, 350, 35A, 367, 36C, 37A, */
 288          /*
 289             0xe0,0x0f,0xe9,0x0f,0xe7,0x0f,0xe7,0x0f,0xe3,0x0f,0xe2,0x0f,0xde,0x0f,0xdb,0x0f,
 290             0xd7,0x0f,0xd3,0x0f,0xcf,0x0f,0xcc,0x0f,0xc9,0x0f,0xc6,0x0f,0xc4,0x0f,0xc3,0x0f,
 291          
 292             0xc2,0x0f,0xc2,0x0f,0xc3,0x0f,0xc6,0x0f,0xc9,0x0f,0xce,0x0f,0xd3,0x0f,0xda,0x0f,
 293             0xe3,0x0f,0xed,0x0f,0xf9,0x0f,0x07,0x00,0x15,0x00,0x25,0x00,0x37,0x00,0x49,0x00,
 294          
 295             0x5d,0x00,0x74,0x00,0x8d,0x00,0xaa,0x00,0xc6,0x00,0xe5,0x00,0x04,0x01,0x24,0x01,
 296             0x44,0x01,0x67,0x01,0x86,0x01,0xa9,0x01,0xca,0x01,0xed,0x01,0x0d,0x02,0x2e,0x02,
 297          
 298             0x4d,0x02,0x6d,0x02,0x8a,0x02,0xa7,0x02,0xc2,0x02,0xdd,0x02,0xf3,0x02,0x0b,0x03,
 299             0x1e,0x03,0x31,0x03,0x40,0x03,0x50,0x03,0x5a,0x03,0x67,0x03,0x6c,0x03,0x7a,0x03,  */
 300          0xE0,0x0F,0xE9,0x0F,0xE7,0x0F,0xE7,0x0F,0xE3,0x0F,0xE2,0x0F,0xDE,0x0F,0xDB,0x0F,
 301          0xD7,0x0F,0xD3,0x0F,0xCF,0x0F,0xCC,0x0F,0xC9,0x0F,0xC6,0x0F,0xC4,0x0F,0xC3,0x0F,
 302          0x5D,0x00,0x74,0x00,0x8D,0x00,0xAA,0x00,0xC6,0x00,0xE5,0x00,0x04,0x01,0x24,0x01,
C51 COMPILER V7.06   LCD_COEF                                                              11/21/2005 13:47:27 PAGE 6   

 303          0x44,0x01,0x67,0x01,0x86,0x01,0xA9,0x01,0xCA,0x01,0xED,0x01,0x0D,0x02,0x2E,0x02,
 304          0x7A,0x03,0x6C,0x03,0x67,0x03,0x5A,0x03,0x50,0x03,0x40,0x03,0x31,0x03,0x1E,0x03,
 305          0x0B,0x03,0xF3,0x02,0xDD,0x02,0xC2,0x02,0xA7,0x02,0x8A,0x02,0x6D,0x02,0x4D,0x02,
 306          0x49,0x00,0x37,0x00,0x25,0x00,0x15,0x00,0x07,0x00,0xF9,0x0F,0xED,0x0F,0xE3,0x0F,
 307          0xDA,0x0F,0xD3,0x0F,0xCE,0x0F,0xC9,0x0F,0xC6,0x0F,0xC3,0x0F,0xC2,0x0F,0xC2,0x0F,
 308          
 309          
 310          };
 311          
 312          unsigned char code SU_COEF_5[]  = 
 313          {
 314          /*
 315              // b = remez(96, [0 0.475/32 1.38/32 31.5/32], [1 1 0 0], [1.0 1.0]);
 316              // NRG = 0.2695, MXG = 1.0000
 317              FD9, FE3, FE1, FE3, FE1, FE0, FDD, FDD, 
 318              FDB, FD9, FD7, FD7, FD5, FD5, FD5, FD6, 
 319          
 320              FD8, FDA, FDD, FE1, FE6, FEC, FF4, FFC, 
 321                5,  11,  1E,  29,  38,  48,  59,  6A, 
 322          
 323               7C,  92,  A9,  C3,  DD,  F8, 114, 132, 
 324              14D, 16C, 189, 1A7, 1C4, 1E2, 1FE, 21C, 
 325          
 326              236, 253, 26C, 286, 29C, 2B4, 2C7, 2DC, 
 327              2EC, 2FE, 30A, 319, 322, 32E, 332, 341, 
 328          */
 329          /*    
 330              0xd9,0x0f, 0xe3,0x0f, 0xe1,0x0f, 0xe3,0x0f, 0xe1,0x0f, 0xe0,0x0f, 0xdd,0x0f, 0xdd,0x0f,
 331              0xdb,0x0f, 0xd9,0x0f, 0xd7,0x0f, 0xd7,0x0f, 0xd5,0x0f, 0xd5,0x0f, 0xd5,0x0f, 0xd6,0x0f,
 332          
 333              0x7c,0x00, 0x92,0x00, 0xa9,0x00, 0xc3,0x00, 0xdd,0x00, 0xf8,0x00, 0x14,0x01, 0x32,0x01,
 334              0x4d,0x01, 0x6c,0x01, 0x89,0x01, 0xa7,0x01, 0xc4,0x01, 0xe2,0x01, 0xfe,0x01, 0x1c,0x02,
 335          
 336              0x41,0x03, 0x32,0x03, 0x2e,0x03, 0x22,0x03, 0x19,0x03, 0x0a,0x03, 0xfe,0x02, 0xec,0x02,
 337              0xdc,0x02, 0xc7,0x02, 0xb4,0x02, 0x9c,0x02, 0x86,0x02, 0x6c,0x02, 0x53,0x02, 0x36,0x02,
 338          
 339              0x6a,0x00, 0x59,0x00, 0x48,0x00, 0x38,0x00, 0x29,0x00, 0x1e,0x00, 0x11,0x00, 0x05,0x00,
 340              0xfc,0x0f, 0xf4,0x0f, 0xec,0x0f, 0xe6,0x0f, 0xe1,0x0f, 0xdd,0x0f, 0xda,0x0f, 0xd8,0x0f,*/
 341          /*FD6, FE1, FE0, FE1, FE0, FE0, FDD, FDC, 
 342          FDB, FD9, FD7, FD7, FD5, FD6, FD5, FD7, 
 343          FD8, FDB, FDD, FE2, FE7, FEE, FF5, FFD, 
 344          007, 013, 01E, 02B, 03B, 049, 05A, 06B, 
 345          07F, 094, 0AB, 0C5, 0DE, 0F9, 114, 132, 
 346          14E, 16C, 188, 1A7, 1C4, 1E2, 1FE, 21B, 
 347          236, 252, 26B, 285, 29B, 2B3, 2C6, 2DA, 
 348          2EB, 2FC, 309, 317, 31F, 32C, 331, 340, */
 349          /*
 350             0xd6,0x0f,0xe1,0x0f,0xe0,0x0f,0xe1,0x0f,0xe0,0x0f,0xe0,0x0f,0xdd,0x0f,0xdc,0x0f,
 351             0xdb,0x0f,0xd9,0x0f,0xd7,0x0f,0xd7,0x0f,0xd5,0x0f,0xd6,0x0f,0xd5,0x0f,0xd7,0x0f,
 352          
 353             0xd8,0x0f,0xdb,0x0f,0xdd,0x0f,0xe2,0x0f,0xe7,0x0f,0xee,0x0f,0xf5,0x0f,0xfd,0x0f,
 354             0x07,0x00,0x13,0x00,0x1e,0x00,0x2b,0x00,0x3b,0x00,0x49,0x00,0x5a,0x00,0x6b,0x00,
 355          
 356             0x7f,0x00,0x94,0x00,0xab,0x00,0xc5,0x00,0xde,0x00,0xf9,0x00,0x14,0x01,0x32,0x01,
 357             0x4e,0x01,0x6c,0x01,0x88,0x01,0xa7,0x01,0xc4,0x01,0xe2,0x01,0xfe,0x01,0x1b,0x02,
 358          
 359             0x36,0x02,0x52,0x02,0x6b,0x02,0x85,0x02,0x9b,0x02,0xb3,0x02,0xc6,0x02,0xda,0x02,
 360             0x3b,0x02,0xfc,0x02,0x09,0x03,0x17,0x03,0x1f,0x03,0x2c,0x03,0x31,0x03,0x40,0x03,  */
 361          0xD6,0x0F,0xE1,0x0F,0xE0,0x0F,0xE1,0x0F,0xE0,0x0F,0xE0,0x0F,0xDD,0x0F,0xDC,0x0F,
 362          0xDB,0x0F,0xD9,0x0F,0xD7,0x0F,0xD7,0x0F,0xD5,0x0F,0xD6,0x0F,0xD5,0x0F,0xD7,0x0F,
 363          0x7F,0x00,0x94,0x00,0xAB,0x00,0xC5,0x00,0xDE,0x00,0xF9,0x00,0x14,0x01,0x32,0x01,
 364          0x4E,0x01,0x6C,0x01,0x88,0x01,0xA7,0x01,0xC4,0x01,0xE2,0x01,0xFE,0x01,0x1B,0x02,
C51 COMPILER V7.06   LCD_COEF                                                              11/21/2005 13:47:27 PAGE 7   

 365          0x40,0x03,0x31,0x03,0x2C,0x03,0x1F,0x03,0x17,0x03,0x09,0x03,0xFC,0x02,0xEB,0x02,
 366          0xDA,0x02,0xC6,0x02,0xB3,0x02,0x9B,0x02,0x85,0x02,0x6B,0x02,0x52,0x02,0x36,0x02,
 367          0x6B,0x00,0x5A,0x00,0x49,0x00,0x3B,0x00,0x2B,0x00,0x1E,0x00,0x13,0x00,0x07,0x00,
 368          0xFD,0x0F,0xF5,0x0F,0xEE,0x0F,0xE7,0x0F,0xE2,0x0F,0xDD,0x0F,0xDB,0x0F,0xD8,0x0F,
 369          };
 370          
 371          unsigned char code SU_COEF_6[]  = 
 372          {   
 373              0x00,0x00, 0x00,0x00, 0x00,0x00, 0x00,0x00, 0x00,0x00, 0x00,0x00, 0x00,0x00, 0x00,0x00, 
 374              0x00,0x00, 0x00,0x00, 0x00,0x00, 0x00,0x00, 0x00,0x00, 0x00,0x00, 0x00,0x00, 0x00,0x00, 
 375          
 376              0x11,0x00, 0x30,0x00, 0x50,0x00, 0x70,0x00, 0x90,0x00, 0xb0,0x00, 0xd0,0x00, 0xf0,0x00, 
 377              0x10,0x01, 0x30,0x01, 0x50,0x01, 0x70,0x01, 0x90,0x01, 0xb0,0x01, 0xd0,0x01, 0xf0,0x01, 
 378          
 379              0xef,0x03, 0xd0,0x03, 0xb0,0x03, 0x90,0x03, 0x70,0x03, 0x50,0x03, 0x30,0x03, 0x10,0x03, 
 380              0xf0,0x02, 0xd0,0x02, 0xb0,0x02, 0x90,0x02, 0x70,0x02, 0x50,0x02, 0x30,0x02, 0x10,0x02, 
 381          
 382              0x00,0x00, 0x00,0x00, 0x00,0x00, 0x00,0x00, 0x00,0x00, 0x00,0x00, 0x00,0x00, 0x00,0x00, 
 383              0x00,0x00, 0x00,0x00, 0x00,0x00, 0x00,0x00, 0x00,0x00, 0x00,0x00, 0x00,0x00, 0x00,0x00, 
 384          };
 385          
 386          unsigned char code SU_COEF_7[]  = 
 387          {   
 388              0xF9,0x0F,0xF9,0x0F,0xF9,0x0F,0xF9,0x0F,0xF9,0x0F,0xF9,0x0F,0xF9,0x0F,0xF9,0x0F,
 389              0xF9,0x0F,0xF9,0x0F,0xF9,0x0F,0xF9,0x0F,0xF9,0x0F,0xF9,0x0F,0xF9,0x0F,0xF9,0x0F,
 390          
 391              0xF6,0x0F,0xF6,0x0F,0xF6,0x0F,0xF6,0x0F,0xF6,0x0F,0xF6,0x0F,0xF6,0x0F,0xF6,0x0F,
 392              0xF6,0x0F,0xF6,0x0F,0xF6,0x0F,0xF6,0x0F,0xF6,0x0F,0xF6,0x0F,0xF6,0x0F,0xF6,0x0F,
 393          
 394              0x2e,0x04,0x2e,0x04,0x2e,0x04,0x2e,0x04,0x2e,0x04,0x2e,0x04,0x2e,0x04,0x2e,0x04,
 395              0x2e,0x04,0x2e,0x04,0x2e,0x04,0x2e,0x04,0x2e,0x04,0x2e,0x04,0x2e,0x04,0x2e,0x04,
 396          
 397              0xE2,0x0F,0xE2,0x0F,0xE2,0x0F,0xE2,0x0F,0xE2,0x0F,0xE2,0x0F,0xE2,0x0F,0xE2,0x0F,
 398              0xE2,0x0F,0xE2,0x0F,0xE2,0x0F,0xE2,0x0F,0xE2,0x0F,0xE2,0x0F,0xE2,0x0F,0xE2,0x0F,
 399          };
 400          
C51 COMPILER V7.06   LCD_COEF                                                              11/21/2005 13:47:27 PAGE 8   

ASSEMBLY LISTING OF GENERATED OBJECT CODE


C51 COMPILER V7.06   LCD_COEF                                                              11/21/2005 13:47:27 PAGE 9   

NAME                                    CLASS   MSPACE  TYPE    OFFSET  SIZE
====                                    =====   ======  ====    ======  ====


SU_COEF_1. . . . . . . . . . . . . . .  PUBLIC   CODE   ARRAY    0018H  128
SU_COEF_2. . . . . . . . . . . . . . .  PUBLIC   CODE   ARRAY    0098H  128
SU_COEF_3. . . . . . . . . . . . . . .  PUBLIC   CODE   ARRAY    0118H  128
SU_COEF_4. . . . . . . . . . . . . . .  PUBLIC   CODE   ARRAY    0198H  128
SU_COEF_5. . . . . . . . . . . . . . .  PUBLIC   CODE   ARRAY    0218H  128
SU_COEF_6. . . . . . . . . . . . . . .  PUBLIC   CODE   ARRAY    0298H  128
SU_COEF_7. . . . . . . . . . . . . . .  PUBLIC   CODE   ARRAY    0318H  128
DITHER_1 . . . . . . . . . . . . . . .  PUBLIC   CODE   ARRAY    0000H  8
DITHER_2 . . . . . . . . . . . . . . .  PUBLIC   CODE   ARRAY    0008H  8
NEW_DITHER_TABLE . . . . . . . . . . .  PUBLIC   CODE   ARRAY    0010H  8


MODULE INFORMATION:   STATIC OVERLAYABLE
   CODE SIZE        =   ----    ----
   CONSTANT SIZE    =    920    ----
   XDATA SIZE       =   ----    ----
   PDATA SIZE       =   ----    ----
   DATA SIZE        =   ----    ----
   IDATA SIZE       =   ----    ----
   BIT SIZE         =   ----    ----
END OF MODULE INFORMATION.


C51 COMPILATION COMPLETE.  0 WARNING(S),  0 ERROR(S)
